1624175041843	mozrunner::runner	INFO	Running command: "/usr/bin/firefox" "-marionette" "-headless" "-foreground" "-no-remote" "-profile" "/tmp/rust_mozprofileLwVbXr"
*** You are running in headless mode.
1624175042217	Marionette	INFO	Marionette enabled
[GFX1-]: RenderCompositorSWGL failed mapping default framebuffer, no dt
console.warn: SearchSettings: "get: No settings file exists, new profile?" (new NotFoundError("Could not open the file at /tmp/rust_mozprofileLwVbXr/search.json.mozlz4", (void 0)))
[GFX1-]: RenderCompositorSWGL failed mapping default framebuffer, no dt
[GFX1-]: RenderCompositorSWGL failed mapping default framebuffer, no dt
1624175043406	Marionette	INFO	Listening on port 45475
[GFX1-]: RenderCompositorSWGL failed mapping default framebuffer, no dt
[GFX1-]: RenderCompositorSWGL failed mapping default framebuffer, no dt
1624175043683	Marionette	WARN	TLS certificate errors will be ignored for this session
[GFX1-]: RenderCompositorSWGL failed mapping default framebuffer, no dt
[GFX1-]: RenderCompositorSWGL failed mapping default framebuffer, no dt
[GFX1-]: RenderCompositorSWGL failed mapping default framebuffer, no dt
[GFX1-]: RenderCompositorSWGL failed mapping default framebuffer, no dt
[GFX1-]: RenderCompositorSWGL failed mapping default framebuffer, no dt
[GFX1-]: RenderCompositorSWGL failed mapping default framebuffer, no dt
[GFX1-]: RenderCompositorSWGL failed mapping default framebuffer, no dt
[GFX1-]: RenderCompositorSWGL failed mapping default framebuffer, no dt
[GFX1-]: RenderCompositorSWGL failed mapping default framebuffer, no dt
[GFX1-]: RenderCompositorSWGL failed mapping default framebuffer, no dt
[GFX1-]: RenderCompositorSWGL failed mapping default framebuffer, no dt
[GFX1-]: RenderCompositorSWGL failed mapping default framebuffer, no dt
[GFX1-]: RenderCompositorSWGL failed mapping default framebuffer, no dt
[GFX1-]: RenderCompositorSWGL failed mapping default framebuffer, no dt
[GFX1-]: RenderCompositorSWGL failed mapping default framebuffer, no dt
[GFX1-]: RenderCompositorSWGL failed mapping default framebuffer, no dt
[GFX1-]: RenderCompositorSWGL failed mapping default framebuffer, no dt
[GFX1-]: RenderCompositorSWGL failed mapping default framebuffer, no dt
[GFX1-]: RenderCompositorSWGL failed mapping default framebuffer, no dt
[GFX1-]: RenderCompositorSWGL failed mapping default framebuffer, no dt
[GFX1-]: RenderCompositorSWGL failed mapping default framebuffer, no dt
[GFX1-]: RenderCompositorSWGL failed mapping default framebuffer, no dt
[GFX1-]: RenderCompositorSWGL failed mapping default framebuffer, no dt
[GFX1-]: RenderCompositorSWGL failed mapping default framebuffer, no dt
[GFX1-]: RenderCompositorSWGL failed mapping default framebuffer, no dt
[GFX1-]: RenderCompositorSWGL failed mapping default framebuffer, no dt
[GFX1-]: RenderCompositorSWGL failed mapping default framebuffer, no dt
[GFX1-]: RenderCompositorSWGL failed mapping default framebuffer, no dt
[GFX1-]: RenderCompositorSWGL failed mapping default framebuffer, no dt
[GFX1-]: RenderCompositorSWGL failed mapping default framebuffer, no dt
[GFX1-]: RenderCompositorSWGL failed mapping default framebuffer, no dt
[GFX1-]: RenderCompositorSWGL failed mapping default framebuffer, no dt
[GFX1-]: RenderCompositorSWGL failed mapping default framebuffer, no dt
[GFX1-]: RenderCompositorSWGL failed mapping default framebuffer, no dt
[GFX1-]: RenderCompositorSWGL failed mapping default framebuffer, no dt
1624175044530	Marionette	WARN	Ignoring event 'pageshow' because document has an invalid readyState of 'uninitialized'.
[GFX1-]: RenderCompositorSWGL failed mapping default framebuffer, no dt
[GFX1-]: RenderCompositorSWGL failed mapping default framebuffer, no dt
[GFX1-]: RenderCompositorSWGL failed mapping default framebuffer, no dt
[GFX1-]: RenderCompositorSWGL failed mapping default framebuffer, no dt
[GFX1-]: RenderCompositorSWGL failed mapping default framebuffer, no dt
[GFX1-]: RenderCompositorSWGL failed mapping default framebuffer, no dt
[GFX1-]: RenderCompositorSWGL failed mapping default framebuffer, no dt
[GFX1-]: RenderCompositorSWGL failed mapping default framebuffer, no dt
[GFX1-]: RenderCompositorSWGL failed mapping default framebuffer, no dt
[GFX1-]: RenderCompositorSWGL failed mapping default framebuffer, no dt
[GFX1-]: RenderCompositorSWGL failed mapping default framebuffer, no dt
[GFX1-]: RenderCompositorSWGL failed mapping default framebuffer, no dt
[GFX1-]: RenderCompositorSWGL failed mapping default framebuffer, no dt
[GFX1-]: RenderCompositorSWGL failed mapping default framebuffer, no dt
[GFX1-]: RenderCompositorSWGL failed mapping default framebuffer, no dt
[GFX1-]: RenderCompositorSWGL failed mapping default framebuffer, no dt
[GFX1-]: RenderCompositorSWGL failed mapping default framebuffer, no dt
[GFX1-]: RenderCompositorSWGL failed mapping default framebuffer, no dt
[GFX1-]: RenderCompositorSWGL failed mapping default framebuffer, no dt
[GFX1-]: RenderCompositorSWGL failed mapping default framebuffer, no dt
[GFX1-]: RenderCompositorSWGL failed mapping default framebuffer, no dt
[GFX1-]: RenderCompositorSWGL failed mapping default framebuffer, no dt
[GFX1-]: RenderCompositorSWGL failed mapping default framebuffer, no dt
[GFX1-]: RenderCompositorSWGL failed mapping default framebuffer, no dt
[GFX1-]: RenderCompositorSWGL failed mapping default framebuffer, no dt
[GFX1-]: RenderCompositorSWGL failed mapping default framebuffer, no dt
[GFX1-]: RenderCompositorSWGL failed mapping default framebuffer, no dt
[GFX1-]: RenderCompositorSWGL failed mapping default framebuffer, no dt
[GFX1-]: RenderCompositorSWGL failed mapping default framebuffer, no dt
[GFX1-]: RenderCompositorSWGL failed mapping default framebuffer, no dt
[GFX1-]: RenderCompositorSWGL failed mapping default framebuffer, no dt
[GFX1-]: RenderCompositorSWGL failed mapping default framebuffer, no dt
[GFX1-]: RenderCompositorSWGL failed mapping default framebuffer, no dt
[GFX1-]: RenderCompositorSWGL failed mapping default framebuffer, no dt
[GFX1-]: RenderCompositorSWGL failed mapping default framebuffer, no dt
[GFX1-]: RenderCompositorSWGL failed mapping default framebuffer, no dt
[GFX1-]: RenderCompositorSWGL failed mapping default framebuffer, no dt
[GFX1-]: RenderCompositorSWGL failed mapping default framebuffer, no dt
[GFX1-]: RenderCompositorSWGL failed mapping default framebuffer, no dt
[GFX1-]: RenderCompositorSWGL failed mapping default framebuffer, no dt
[GFX1-]: RenderCompositorSWGL failed mapping default framebuffer, no dt
[GFX1-]: RenderCompositorSWGL failed mapping default framebuffer, no dt
[GFX1-]: RenderCompositorSWGL failed mapping default framebuffer, no dt
[GFX1-]: RenderCompositorSWGL failed mapping default framebuffer, no dt
[GFX1-]: RenderCompositorSWGL failed mapping default framebuffer, no dt
[GFX1-]: RenderCompositorSWGL failed mapping default framebuffer, no dt
[GFX1-]: RenderCompositorSWGL failed mapping default framebuffer, no dt
JavaScript warning: https://sdfestaticassets-us-east-1.sciencedirectassets.com/prod/da3a6f95b819d2f387fc3dbb0b2a48919c591fdb/client.js, line 5: WebGL warning: <Create>: Can't use WebGL in headless mode (https://bugzil.la/1375585).
JavaScript warning: https://sdfestaticassets-us-east-1.sciencedirectassets.com/prod/da3a6f95b819d2f387fc3dbb0b2a48919c591fdb/client.js, line 5: Failed to create WebGL context: WebGL creation failed: 
* Can't use WebGL in headless mode (https://bugzil.la/1375585). ()
JavaScript warning: https://sdfestaticassets-us-east-1.sciencedirectassets.com/prod/da3a6f95b819d2f387fc3dbb0b2a48919c591fdb/client.js, line 5: WebGL warning: <Create>: Can't use WebGL in headless mode (https://bugzil.la/1375585).
JavaScript warning: https://sdfestaticassets-us-east-1.sciencedirectassets.com/prod/da3a6f95b819d2f387fc3dbb0b2a48919c591fdb/client.js, line 5: Failed to create WebGL context: WebGL creation failed: 
* Can't use WebGL in headless mode (https://bugzil.la/1375585). ()
JavaScript warning: https://sdfestaticassets-us-east-1.sciencedirectassets.com/prod/da3a6f95b819d2f387fc3dbb0b2a48919c591fdb/client.js, line 5: WebGL warning: <Create>: Can't use WebGL in headless mode (https://bugzil.la/1375585).
JavaScript warning: https://sdfestaticassets-us-east-1.sciencedirectassets.com/prod/da3a6f95b819d2f387fc3dbb0b2a48919c591fdb/client.js, line 5: Failed to create WebGL context: WebGL creation failed: 
* Can't use WebGL in headless mode (https://bugzil.la/1375585). ()
JavaScript warning: https://sdfestaticassets-us-east-1.sciencedirectassets.com/prod/da3a6f95b819d2f387fc3dbb0b2a48919c591fdb/client.js, line 5: WebGL warning: <Create>: Can't use WebGL in headless mode (https://bugzil.la/1375585).
JavaScript warning: https://sdfestaticassets-us-east-1.sciencedirectassets.com/prod/da3a6f95b819d2f387fc3dbb0b2a48919c591fdb/client.js, line 5: Failed to create WebGL context: WebGL creation failed: 
* Can't use WebGL in headless mode (https://bugzil.la/1375585). ()
[GFX1-]: RenderCompositorSWGL failed mapping default framebuffer, no dt
[GFX1-]: RenderCompositorSWGL failed mapping default framebuffer, no dt
[GFX1-]: RenderCompositorSWGL failed mapping default framebuffer, no dt
[GFX1-]: RenderCompositorSWGL failed mapping default framebuffer, no dt
[GFX1-]: RenderCompositorSWGL failed mapping default framebuffer, no dt
[GFX1-]: RenderCompositorSWGL failed mapping default framebuffer, no dt
[GFX1-]: RenderCompositorSWGL failed mapping default framebuffer, no dt
[GFX1-]: RenderCompositorSWGL failed mapping default framebuffer, no dt
[GFX1-]: RenderCompositorSWGL failed mapping default framebuffer, no dt
[GFX1-]: RenderCompositorSWGL failed mapping default framebuffer, no dt
[GFX1-]: RenderCompositorSWGL failed mapping default framebuffer, no dt
[GFX1-]: RenderCompositorSWGL failed mapping default framebuffer, no dt
[GFX1-]: RenderCompositorSWGL failed mapping default framebuffer, no dt
[GFX1-]: RenderCompositorSWGL failed mapping default framebuffer, no dt
[GFX1-]: RenderCompositorSWGL failed mapping default framebuffer, no dt
[GFX1-]: RenderCompositorSWGL failed mapping default framebuffer, no dt
[GFX1-]: RenderCompositorSWGL failed mapping default framebuffer, no dt
[GFX1-]: RenderCompositorSWGL failed mapping default framebuffer, no dt
[GFX1-]: RenderCompositorSWGL failed mapping default framebuffer, no dt
[GFX1-]: RenderCompositorSWGL failed mapping default framebuffer, no dt
[GFX1-]: RenderCompositorSWGL failed mapping default framebuffer, no dt
[GFX1-]: RenderCompositorSWGL failed mapping default framebuffer, no dt
[GFX1-]: RenderCompositorSWGL failed mapping default framebuffer, no dt
[GFX1-]: RenderCompositorSWGL failed mapping default framebuffer, no dt
[GFX1-]: RenderCompositorSWGL failed mapping default framebuffer, no dt
[GFX1-]: RenderCompositorSWGL failed mapping default framebuffer, no dt
JavaScript warning: https://pagead2.googlesyndication.com/bg/RQzY8ISKOV3RwOMp_k9UROWM_VdhYjEqMNdKCV1xNfI.js line 1 > eval line 3585 > eval, line 1: WebGL warning: <Create>: Can't use WebGL in headless mode (https://bugzil.la/1375585).
JavaScript warning: https://pagead2.googlesyndication.com/bg/RQzY8ISKOV3RwOMp_k9UROWM_VdhYjEqMNdKCV1xNfI.js line 1 > eval line 3585 > eval, line 1: Failed to create WebGL context: WebGL creation failed: 
* Can't use WebGL in headless mode (https://bugzil.la/1375585). ()
1624175131370	mozrunner::runner	INFO	Running command: "/usr/bin/firefox" "-marionette" "-foreground" "-no-remote" "-profile" "/tmp/rust_mozprofilee7e54l"
1624175131715	Marionette	INFO	Marionette enabled

(firefox:117980): GLib-GIO-CRITICAL **: 17:45:31.791: g_dbus_proxy_new: assertion 'G_IS_DBUS_CONNECTION (connection)' failed

(firefox:117980): GLib-GIO-CRITICAL **: 17:45:31.791: g_dbus_proxy_new: assertion 'G_IS_DBUS_CONNECTION (connection)' failed

(firefox:117980): GLib-GIO-CRITICAL **: 17:45:31.791: g_dbus_proxy_new: assertion 'G_IS_DBUS_CONNECTION (connection)' failed
console.warn: SearchSettings: "get: No settings file exists, new profile?" (new NotFoundError("Could not open the file at /tmp/rust_mozprofilee7e54l/search.json.mozlz4", (void 0)))
1624175133296	Marionette	INFO	Listening on port 35687
1624175133381	Marionette	WARN	TLS certificate errors will be ignored for this session
1624175136338	Marionette	INFO	Stopped listening on port 35687
1624175158076	mozrunner::runner	INFO	Running command: "/usr/bin/firefox" "-marionette" "-headless" "-foreground" "-no-remote" "-profile" "/tmp/rust_mozprofileyfw7mk"
*** You are running in headless mode.
1624175158315	Marionette	INFO	Marionette enabled
[GFX1-]: RenderCompositorSWGL failed mapping default framebuffer, no dt
console.warn: SearchSettings: "get: No settings file exists, new profile?" (new NotFoundError("Could not open the file at /tmp/rust_mozprofileyfw7mk/search.json.mozlz4", (void 0)))
[GFX1-]: RenderCompositorSWGL failed mapping default framebuffer, no dt
[GFX1-]: RenderCompositorSWGL failed mapping default framebuffer, no dt
1624175159396	Marionette	INFO	Listening on port 46711
[GFX1-]: RenderCompositorSWGL failed mapping default framebuffer, no dt
[GFX1-]: RenderCompositorSWGL failed mapping default framebuffer, no dt
1624175159735	Marionette	WARN	TLS certificate errors will be ignored for this session
[GFX1-]: RenderCompositorSWGL failed mapping default framebuffer, no dt
[GFX1-]: RenderCompositorSWGL failed mapping default framebuffer, no dt
[GFX1-]: RenderCompositorSWGL failed mapping default framebuffer, no dt
[GFX1-]: RenderCompositorSWGL failed mapping default framebuffer, no dt
[GFX1-]: RenderCompositorSWGL failed mapping default framebuffer, no dt
[GFX1-]: RenderCompositorSWGL failed mapping default framebuffer, no dt
[GFX1-]: RenderCompositorSWGL failed mapping default framebuffer, no dt
[GFX1-]: RenderCompositorSWGL failed mapping default framebuffer, no dt
[GFX1-]: RenderCompositorSWGL failed mapping default framebuffer, no dt
[GFX1-]: RenderCompositorSWGL failed mapping default framebuffer, no dt
[GFX1-]: RenderCompositorSWGL failed mapping default framebuffer, no dt
[GFX1-]: RenderCompositorSWGL failed mapping default framebuffer, no dt
[GFX1-]: RenderCompositorSWGL failed mapping default framebuffer, no dt
[GFX1-]: RenderCompositorSWGL failed mapping default framebuffer, no dt
[GFX1-]: RenderCompositorSWGL failed mapping default framebuffer, no dt
[GFX1-]: RenderCompositorSWGL failed mapping default framebuffer, no dt
[GFX1-]: RenderCompositorSWGL failed mapping default framebuffer, no dt
[GFX1-]: RenderCompositorSWGL failed mapping default framebuffer, no dt
[GFX1-]: RenderCompositorSWGL failed mapping default framebuffer, no dt
[GFX1-]: RenderCompositorSWGL failed mapping default framebuffer, no dt
[GFX1-]: RenderCompositorSWGL failed mapping default framebuffer, no dt
[GFX1-]: RenderCompositorSWGL failed mapping default framebuffer, no dt
[GFX1-]: RenderCompositorSWGL failed mapping default framebuffer, no dt
[GFX1-]: RenderCompositorSWGL failed mapping default framebuffer, no dt
[GFX1-]: RenderCompositorSWGL failed mapping default framebuffer, no dt
[GFX1-]: RenderCompositorSWGL failed mapping default framebuffer, no dt
[GFX1-]: RenderCompositorSWGL failed mapping default framebuffer, no dt
[GFX1-]: RenderCompositorSWGL failed mapping default framebuffer, no dt
[GFX1-]: RenderCompositorSWGL failed mapping default framebuffer, no dt
[GFX1-]: RenderCompositorSWGL failed mapping default framebuffer, no dt
[GFX1-]: RenderCompositorSWGL failed mapping default framebuffer, no dt
[GFX1-]: RenderCompositorSWGL failed mapping default framebuffer, no dt
[GFX1-]: RenderCompositorSWGL failed mapping default framebuffer, no dt
[GFX1-]: RenderCompositorSWGL failed mapping default framebuffer, no dt
1624175160531	Marionette	WARN	Ignoring event 'pageshow' because document has an invalid readyState of 'uninitialized'.
[GFX1-]: RenderCompositorSWGL failed mapping default framebuffer, no dt
[GFX1-]: RenderCompositorSWGL failed mapping default framebuffer, no dt
[GFX1-]: RenderCompositorSWGL failed mapping default framebuffer, no dt
[GFX1-]: RenderCompositorSWGL failed mapping default framebuffer, no dt
[GFX1-]: RenderCompositorSWGL failed mapping default framebuffer, no dt
[GFX1-]: RenderCompositorSWGL failed mapping default framebuffer, no dt
[GFX1-]: RenderCompositorSWGL failed mapping default framebuffer, no dt
[GFX1-]: RenderCompositorSWGL failed mapping default framebuffer, no dt
[GFX1-]: RenderCompositorSWGL failed mapping default framebuffer, no dt
[GFX1-]: RenderCompositorSWGL failed mapping default framebuffer, no dt
[GFX1-]: RenderCompositorSWGL failed mapping default framebuffer, no dt
[GFX1-]: RenderCompositorSWGL failed mapping default framebuffer, no dt
[GFX1-]: RenderCompositorSWGL failed mapping default framebuffer, no dt
[GFX1-]: RenderCompositorSWGL failed mapping default framebuffer, no dt
[GFX1-]: RenderCompositorSWGL failed mapping default framebuffer, no dt
[GFX1-]: RenderCompositorSWGL failed mapping default framebuffer, no dt
[GFX1-]: RenderCompositorSWGL failed mapping default framebuffer, no dt
[GFX1-]: RenderCompositorSWGL failed mapping default framebuffer, no dt
[GFX1-]: RenderCompositorSWGL failed mapping default framebuffer, no dt
[GFX1-]: RenderCompositorSWGL failed mapping default framebuffer, no dt
[GFX1-]: RenderCompositorSWGL failed mapping default framebuffer, no dt
[GFX1-]: RenderCompositorSWGL failed mapping default framebuffer, no dt
[GFX1-]: RenderCompositorSWGL failed mapping default framebuffer, no dt
[GFX1-]: RenderCompositorSWGL failed mapping default framebuffer, no dt
[GFX1-]: RenderCompositorSWGL failed mapping default framebuffer, no dt
[GFX1-]: RenderCompositorSWGL failed mapping default framebuffer, no dt
[GFX1-]: RenderCompositorSWGL failed mapping default framebuffer, no dt
[GFX1-]: RenderCompositorSWGL failed mapping default framebuffer, no dt
[GFX1-]: RenderCompositorSWGL failed mapping default framebuffer, no dt
[GFX1-]: RenderCompositorSWGL failed mapping default framebuffer, no dt
[GFX1-]: RenderCompositorSWGL failed mapping default framebuffer, no dt
[GFX1-]: RenderCompositorSWGL failed mapping default framebuffer, no dt
[GFX1-]: RenderCompositorSWGL failed mapping default framebuffer, no dt
[GFX1-]: RenderCompositorSWGL failed mapping default framebuffer, no dt
[GFX1-]: RenderCompositorSWGL failed mapping default framebuffer, no dt
[GFX1-]: RenderCompositorSWGL failed mapping default framebuffer, no dt
[GFX1-]: RenderCompositorSWGL failed mapping default framebuffer, no dt
[GFX1-]: RenderCompositorSWGL failed mapping default framebuffer, no dt
[GFX1-]: RenderCompositorSWGL failed mapping default framebuffer, no dt
[GFX1-]: RenderCompositorSWGL failed mapping default framebuffer, no dt
[GFX1-]: RenderCompositorSWGL failed mapping default framebuffer, no dt
[GFX1-]: RenderCompositorSWGL failed mapping default framebuffer, no dt
[GFX1-]: RenderCompositorSWGL failed mapping default framebuffer, no dt
JavaScript warning: https://sdfestaticassets-us-east-1.sciencedirectassets.com/prod/da3a6f95b819d2f387fc3dbb0b2a48919c591fdb/client.js, line 5: WebGL warning: <Create>: Can't use WebGL in headless mode (https://bugzil.la/1375585).
JavaScript warning: https://sdfestaticassets-us-east-1.sciencedirectassets.com/prod/da3a6f95b819d2f387fc3dbb0b2a48919c591fdb/client.js, line 5: Failed to create WebGL context: WebGL creation failed: 
* Can't use WebGL in headless mode (https://bugzil.la/1375585). ()
JavaScript warning: https://sdfestaticassets-us-east-1.sciencedirectassets.com/prod/da3a6f95b819d2f387fc3dbb0b2a48919c591fdb/client.js, line 5: WebGL warning: <Create>: Can't use WebGL in headless mode (https://bugzil.la/1375585).
JavaScript warning: https://sdfestaticassets-us-east-1.sciencedirectassets.com/prod/da3a6f95b819d2f387fc3dbb0b2a48919c591fdb/client.js, line 5: Failed to create WebGL context: WebGL creation failed: 
* Can't use WebGL in headless mode (https://bugzil.la/1375585). ()
JavaScript warning: https://sdfestaticassets-us-east-1.sciencedirectassets.com/prod/da3a6f95b819d2f387fc3dbb0b2a48919c591fdb/client.js, line 5: WebGL warning: <Create>: Can't use WebGL in headless mode (https://bugzil.la/1375585).
JavaScript warning: https://sdfestaticassets-us-east-1.sciencedirectassets.com/prod/da3a6f95b819d2f387fc3dbb0b2a48919c591fdb/client.js, line 5: Failed to create WebGL context: WebGL creation failed: 
* Can't use WebGL in headless mode (https://bugzil.la/1375585). ()
JavaScript warning: https://sdfestaticassets-us-east-1.sciencedirectassets.com/prod/da3a6f95b819d2f387fc3dbb0b2a48919c591fdb/client.js, line 5: WebGL warning: <Create>: Can't use WebGL in headless mode (https://bugzil.la/1375585).
JavaScript warning: https://sdfestaticassets-us-east-1.sciencedirectassets.com/prod/da3a6f95b819d2f387fc3dbb0b2a48919c591fdb/client.js, line 5: Failed to create WebGL context: WebGL creation failed: 
* Can't use WebGL in headless mode (https://bugzil.la/1375585). ()
[GFX1-]: RenderCompositorSWGL failed mapping default framebuffer, no dt
[GFX1-]: RenderCompositorSWGL failed mapping default framebuffer, no dt
[GFX1-]: RenderCompositorSWGL failed mapping default framebuffer, no dt
[GFX1-]: RenderCompositorSWGL failed mapping default framebuffer, no dt
[GFX1-]: RenderCompositorSWGL failed mapping default framebuffer, no dt
[GFX1-]: RenderCompositorSWGL failed mapping default framebuffer, no dt
[GFX1-]: RenderCompositorSWGL failed mapping default framebuffer, no dt
[GFX1-]: RenderCompositorSWGL failed mapping default framebuffer, no dt
[GFX1-]: RenderCompositorSWGL failed mapping default framebuffer, no dt
[GFX1-]: RenderCompositorSWGL failed mapping default framebuffer, no dt
[GFX1-]: RenderCompositorSWGL failed mapping default framebuffer, no dt
[GFX1-]: RenderCompositorSWGL failed mapping default framebuffer, no dt
[GFX1-]: RenderCompositorSWGL failed mapping default framebuffer, no dt
[GFX1-]: RenderCompositorSWGL failed mapping default framebuffer, no dt
[GFX1-]: RenderCompositorSWGL failed mapping default framebuffer, no dt
[GFX1-]: RenderCompositorSWGL failed mapping default framebuffer, no dt
[GFX1-]: RenderCompositorSWGL failed mapping default framebuffer, no dt
[GFX1-]: RenderCompositorSWGL failed mapping default framebuffer, no dt
[GFX1-]: RenderCompositorSWGL failed mapping default framebuffer, no dt
[GFX1-]: RenderCompositorSWGL failed mapping default framebuffer, no dt
JavaScript warning: https://pagead2.googlesyndication.com/bg/RQzY8ISKOV3RwOMp_k9UROWM_VdhYjEqMNdKCV1xNfI.js line 1 > eval line 7220 > eval line 1 > eval, line 1: WebGL warning: <Create>: Can't use WebGL in headless mode (https://bugzil.la/1375585).
JavaScript warning: https://pagead2.googlesyndication.com/bg/RQzY8ISKOV3RwOMp_k9UROWM_VdhYjEqMNdKCV1xNfI.js line 1 > eval line 7220 > eval line 1 > eval, line 1: Failed to create WebGL context: WebGL creation failed: 
* Can't use WebGL in headless mode (https://bugzil.la/1375585). ()
1624175193289	mozrunner::runner	INFO	Running command: "/usr/bin/firefox" "-marionette" "-foreground" "-no-remote" "-profile" "/tmp/rust_mozprofilepB2qzF"
1624175193614	Marionette	INFO	Marionette enabled

(firefox:118990): GLib-GIO-CRITICAL **: 17:46:33.689: g_dbus_proxy_new: assertion 'G_IS_DBUS_CONNECTION (connection)' failed

(firefox:118990): GLib-GIO-CRITICAL **: 17:46:33.690: g_dbus_proxy_new: assertion 'G_IS_DBUS_CONNECTION (connection)' failed

(firefox:118990): GLib-GIO-CRITICAL **: 17:46:33.690: g_dbus_proxy_new: assertion 'G_IS_DBUS_CONNECTION (connection)' failed
console.warn: SearchSettings: "get: No settings file exists, new profile?" (new NotFoundError("Could not open the file at /tmp/rust_mozprofilepB2qzF/search.json.mozlz4", (void 0)))
1624175195312	Marionette	INFO	Listening on port 39011
1624175195404	Marionette	WARN	TLS certificate errors will be ignored for this session
1624175198768	Marionette	INFO	Stopped listening on port 39011
1624175283672	mozrunner::runner	INFO	Running command: "/usr/bin/firefox" "-marionette" "-headless" "-foreground" "-no-remote" "-profile" "/tmp/rust_mozprofileFLNXHq"
*** You are running in headless mode.
1624175283913	Marionette	INFO	Marionette enabled
[GFX1-]: RenderCompositorSWGL failed mapping default framebuffer, no dt
[GFX1-]: RenderCompositorSWGL failed mapping default framebuffer, no dt
console.warn: SearchSettings: "get: No settings file exists, new profile?" (new NotFoundError("Could not open the file at /tmp/rust_mozprofileFLNXHq/search.json.mozlz4", (void 0)))
[GFX1-]: RenderCompositorSWGL failed mapping default framebuffer, no dt
[GFX1-]: RenderCompositorSWGL failed mapping default framebuffer, no dt
[GFX1-]: RenderCompositorSWGL failed mapping default framebuffer, no dt
1624175284997	Marionette	INFO	Listening on port 33383
[GFX1-]: RenderCompositorSWGL failed mapping default framebuffer, no dt
[GFX1-]: RenderCompositorSWGL failed mapping default framebuffer, no dt
1624175285331	Marionette	WARN	TLS certificate errors will be ignored for this session
[GFX1-]: RenderCompositorSWGL failed mapping default framebuffer, no dt
[GFX1-]: RenderCompositorSWGL failed mapping default framebuffer, no dt
[GFX1-]: RenderCompositorSWGL failed mapping default framebuffer, no dt
[GFX1-]: RenderCompositorSWGL failed mapping default framebuffer, no dt
[GFX1-]: RenderCompositorSWGL failed mapping default framebuffer, no dt
[GFX1-]: RenderCompositorSWGL failed mapping default framebuffer, no dt
[GFX1-]: RenderCompositorSWGL failed mapping default framebuffer, no dt
[GFX1-]: RenderCompositorSWGL failed mapping default framebuffer, no dt
[GFX1-]: RenderCompositorSWGL failed mapping default framebuffer, no dt
[GFX1-]: RenderCompositorSWGL failed mapping default framebuffer, no dt
[GFX1-]: RenderCompositorSWGL failed mapping default framebuffer, no dt
[GFX1-]: RenderCompositorSWGL failed mapping default framebuffer, no dt
[GFX1-]: RenderCompositorSWGL failed mapping default framebuffer, no dt
[GFX1-]: RenderCompositorSWGL failed mapping default framebuffer, no dt
[GFX1-]: RenderCompositorSWGL failed mapping default framebuffer, no dt
[GFX1-]: RenderCompositorSWGL failed mapping default framebuffer, no dt
[GFX1-]: RenderCompositorSWGL failed mapping default framebuffer, no dt
[GFX1-]: RenderCompositorSWGL failed mapping default framebuffer, no dt
[GFX1-]: RenderCompositorSWGL failed mapping default framebuffer, no dt
[GFX1-]: RenderCompositorSWGL failed mapping default framebuffer, no dt
[GFX1-]: RenderCompositorSWGL failed mapping default framebuffer, no dt
[GFX1-]: RenderCompositorSWGL failed mapping default framebuffer, no dt
[GFX1-]: RenderCompositorSWGL failed mapping default framebuffer, no dt
[GFX1-]: RenderCompositorSWGL failed mapping default framebuffer, no dt
[GFX1-]: RenderCompositorSWGL failed mapping default framebuffer, no dt
[GFX1-]: RenderCompositorSWGL failed mapping default framebuffer, no dt
[GFX1-]: RenderCompositorSWGL failed mapping default framebuffer, no dt
[GFX1-]: RenderCompositorSWGL failed mapping default framebuffer, no dt
[GFX1-]: RenderCompositorSWGL failed mapping default framebuffer, no dt
[GFX1-]: RenderCompositorSWGL failed mapping default framebuffer, no dt
[GFX1-]: RenderCompositorSWGL failed mapping default framebuffer, no dt
[GFX1-]: RenderCompositorSWGL failed mapping default framebuffer, no dt
[GFX1-]: RenderCompositorSWGL failed mapping default framebuffer, no dt
[GFX1-]: RenderCompositorSWGL failed mapping default framebuffer, no dt
[GFX1-]: RenderCompositorSWGL failed mapping default framebuffer, no dt
1624175286178	Marionette	WARN	Ignoring event 'pageshow' because document has an invalid readyState of 'uninitialized'.
[GFX1-]: RenderCompositorSWGL failed mapping default framebuffer, no dt
[GFX1-]: RenderCompositorSWGL failed mapping default framebuffer, no dt
[GFX1-]: RenderCompositorSWGL failed mapping default framebuffer, no dt
[GFX1-]: RenderCompositorSWGL failed mapping default framebuffer, no dt
[GFX1-]: RenderCompositorSWGL failed mapping default framebuffer, no dt
[GFX1-]: RenderCompositorSWGL failed mapping default framebuffer, no dt
[GFX1-]: RenderCompositorSWGL failed mapping default framebuffer, no dt
[GFX1-]: RenderCompositorSWGL failed mapping default framebuffer, no dt
[GFX1-]: RenderCompositorSWGL failed mapping default framebuffer, no dt
[GFX1-]: RenderCompositorSWGL failed mapping default framebuffer, no dt
[GFX1-]: RenderCompositorSWGL failed mapping default framebuffer, no dt
[GFX1-]: RenderCompositorSWGL failed mapping default framebuffer, no dt
[GFX1-]: RenderCompositorSWGL failed mapping default framebuffer, no dt
[GFX1-]: RenderCompositorSWGL failed mapping default framebuffer, no dt
[GFX1-]: RenderCompositorSWGL failed mapping default framebuffer, no dt
[GFX1-]: RenderCompositorSWGL failed mapping default framebuffer, no dt
[GFX1-]: RenderCompositorSWGL failed mapping default framebuffer, no dt
[GFX1-]: RenderCompositorSWGL failed mapping default framebuffer, no dt
[GFX1-]: RenderCompositorSWGL failed mapping default framebuffer, no dt
[GFX1-]: RenderCompositorSWGL failed mapping default framebuffer, no dt
[GFX1-]: RenderCompositorSWGL failed mapping default framebuffer, no dt
[GFX1-]: RenderCompositorSWGL failed mapping default framebuffer, no dt
[GFX1-]: RenderCompositorSWGL failed mapping default framebuffer, no dt
[GFX1-]: RenderCompositorSWGL failed mapping default framebuffer, no dt
[GFX1-]: RenderCompositorSWGL failed mapping default framebuffer, no dt
[GFX1-]: RenderCompositorSWGL failed mapping default framebuffer, no dt
[GFX1-]: RenderCompositorSWGL failed mapping default framebuffer, no dt
[GFX1-]: RenderCompositorSWGL failed mapping default framebuffer, no dt
[GFX1-]: RenderCompositorSWGL failed mapping default framebuffer, no dt
[GFX1-]: RenderCompositorSWGL failed mapping default framebuffer, no dt
[GFX1-]: RenderCompositorSWGL failed mapping default framebuffer, no dt
[GFX1-]: RenderCompositorSWGL failed mapping default framebuffer, no dt
[GFX1-]: RenderCompositorSWGL failed mapping default framebuffer, no dt
[GFX1-]: RenderCompositorSWGL failed mapping default framebuffer, no dt
[GFX1-]: RenderCompositorSWGL failed mapping default framebuffer, no dt
[GFX1-]: RenderCompositorSWGL failed mapping default framebuffer, no dt
[GFX1-]: RenderCompositorSWGL failed mapping default framebuffer, no dt
[GFX1-]: RenderCompositorSWGL failed mapping default framebuffer, no dt
[GFX1-]: RenderCompositorSWGL failed mapping default framebuffer, no dt
[GFX1-]: RenderCompositorSWGL failed mapping default framebuffer, no dt
[GFX1-]: RenderCompositorSWGL failed mapping default framebuffer, no dt
[GFX1-]: RenderCompositorSWGL failed mapping default framebuffer, no dt
[GFX1-]: RenderCompositorSWGL failed mapping default framebuffer, no dt
[GFX1-]: RenderCompositorSWGL failed mapping default framebuffer, no dt
[GFX1-]: RenderCompositorSWGL failed mapping default framebuffer, no dt
[GFX1-]: RenderCompositorSWGL failed mapping default framebuffer, no dt
[GFX1-]: RenderCompositorSWGL failed mapping default framebuffer, no dt
[GFX1-]: RenderCompositorSWGL failed mapping default framebuffer, no dt
[GFX1-]: RenderCompositorSWGL failed mapping default framebuffer, no dt
JavaScript warning: https://sdfestaticassets-us-east-1.sciencedirectassets.com/prod/da3a6f95b819d2f387fc3dbb0b2a48919c591fdb/client.js, line 5: WebGL warning: <Create>: Can't use WebGL in headless mode (https://bugzil.la/1375585).
JavaScript warning: https://sdfestaticassets-us-east-1.sciencedirectassets.com/prod/da3a6f95b819d2f387fc3dbb0b2a48919c591fdb/client.js, line 5: Failed to create WebGL context: WebGL creation failed: 
* Can't use WebGL in headless mode (https://bugzil.la/1375585). ()
JavaScript warning: https://sdfestaticassets-us-east-1.sciencedirectassets.com/prod/da3a6f95b819d2f387fc3dbb0b2a48919c591fdb/client.js, line 5: WebGL warning: <Create>: Can't use WebGL in headless mode (https://bugzil.la/1375585).
JavaScript warning: https://sdfestaticassets-us-east-1.sciencedirectassets.com/prod/da3a6f95b819d2f387fc3dbb0b2a48919c591fdb/client.js, line 5: Failed to create WebGL context: WebGL creation failed: 
* Can't use WebGL in headless mode (https://bugzil.la/1375585). ()
JavaScript warning: https://sdfestaticassets-us-east-1.sciencedirectassets.com/prod/da3a6f95b819d2f387fc3dbb0b2a48919c591fdb/client.js, line 5: WebGL warning: <Create>: Can't use WebGL in headless mode (https://bugzil.la/1375585).
JavaScript warning: https://sdfestaticassets-us-east-1.sciencedirectassets.com/prod/da3a6f95b819d2f387fc3dbb0b2a48919c591fdb/client.js, line 5: Failed to create WebGL context: WebGL creation failed: 
* Can't use WebGL in headless mode (https://bugzil.la/1375585). ()
JavaScript warning: https://sdfestaticassets-us-east-1.sciencedirectassets.com/prod/da3a6f95b819d2f387fc3dbb0b2a48919c591fdb/client.js, line 5: WebGL warning: <Create>: Can't use WebGL in headless mode (https://bugzil.la/1375585).
JavaScript warning: https://sdfestaticassets-us-east-1.sciencedirectassets.com/prod/da3a6f95b819d2f387fc3dbb0b2a48919c591fdb/client.js, line 5: Failed to create WebGL context: WebGL creation failed: 
* Can't use WebGL in headless mode (https://bugzil.la/1375585). ()
[GFX1-]: RenderCompositorSWGL failed mapping default framebuffer, no dt
[GFX1-]: RenderCompositorSWGL failed mapping default framebuffer, no dt
[GFX1-]: RenderCompositorSWGL failed mapping default framebuffer, no dt
[GFX1-]: RenderCompositorSWGL failed mapping default framebuffer, no dt
[GFX1-]: RenderCompositorSWGL failed mapping default framebuffer, no dt
[GFX1-]: RenderCompositorSWGL failed mapping default framebuffer, no dt
[GFX1-]: RenderCompositorSWGL failed mapping default framebuffer, no dt
[GFX1-]: RenderCompositorSWGL failed mapping default framebuffer, no dt
[GFX1-]: RenderCompositorSWGL failed mapping default framebuffer, no dt
[GFX1-]: RenderCompositorSWGL failed mapping default framebuffer, no dt
[GFX1-]: RenderCompositorSWGL failed mapping default framebuffer, no dt
[GFX1-]: RenderCompositorSWGL failed mapping default framebuffer, no dt
[GFX1-]: RenderCompositorSWGL failed mapping default framebuffer, no dt
[GFX1-]: RenderCompositorSWGL failed mapping default framebuffer, no dt
[GFX1-]: RenderCompositorSWGL failed mapping default framebuffer, no dt
[GFX1-]: RenderCompositorSWGL failed mapping default framebuffer, no dt
[GFX1-]: RenderCompositorSWGL failed mapping default framebuffer, no dt
[GFX1-]: RenderCompositorSWGL failed mapping default framebuffer, no dt
[GFX1-]: RenderCompositorSWGL failed mapping default framebuffer, no dt
JavaScript warning: https://pagead2.googlesyndication.com/bg/RQzY8ISKOV3RwOMp_k9UROWM_VdhYjEqMNdKCV1xNfI.js line 1 > eval line 7547 > eval, line 1: WebGL warning: <Create>: Can't use WebGL in headless mode (https://bugzil.la/1375585).
JavaScript warning: https://pagead2.googlesyndication.com/bg/RQzY8ISKOV3RwOMp_k9UROWM_VdhYjEqMNdKCV1xNfI.js line 1 > eval line 7547 > eval, line 1: Failed to create WebGL context: WebGL creation failed: 
* Can't use WebGL in headless mode (https://bugzil.la/1375585). ()
1624175347220	mozrunner::runner	INFO	Running command: "/usr/bin/firefox" "-marionette" "-foreground" "-no-remote" "-profile" "/tmp/rust_mozprofileT6e9zU"
1624175347557	Marionette	INFO	Marionette enabled

(firefox:120490): GLib-GIO-CRITICAL **: 17:49:07.632: g_dbus_proxy_new: assertion 'G_IS_DBUS_CONNECTION (connection)' failed

(firefox:120490): GLib-GIO-CRITICAL **: 17:49:07.632: g_dbus_proxy_new: assertion 'G_IS_DBUS_CONNECTION (connection)' failed

(firefox:120490): GLib-GIO-CRITICAL **: 17:49:07.632: g_dbus_proxy_new: assertion 'G_IS_DBUS_CONNECTION (connection)' failed
console.warn: SearchSettings: "get: No settings file exists, new profile?" (new NotFoundError("Could not open the file at /tmp/rust_mozprofileT6e9zU/search.json.mozlz4", (void 0)))
1624175349166	Marionette	INFO	Listening on port 33363
1624175349239	Marionette	WARN	TLS certificate errors will be ignored for this session
1624175349989	Marionette	WARN	Ignoring event 'pageshow' because document has an invalid readyState of 'uninitialized'.
1624175425396	mozrunner::runner	INFO	Running command: "/usr/bin/firefox" "-marionette" "-foreground" "-no-remote" "-profile" "/tmp/rust_mozprofilevVs2ye"
1624175425731	Marionette	INFO	Marionette enabled

(firefox:121478): GLib-GIO-CRITICAL **: 17:50:25.806: g_dbus_proxy_new: assertion 'G_IS_DBUS_CONNECTION (connection)' failed

(firefox:121478): GLib-GIO-CRITICAL **: 17:50:25.806: g_dbus_proxy_new: assertion 'G_IS_DBUS_CONNECTION (connection)' failed

(firefox:121478): GLib-GIO-CRITICAL **: 17:50:25.806: g_dbus_proxy_new: assertion 'G_IS_DBUS_CONNECTION (connection)' failed
console.warn: SearchSettings: "get: No settings file exists, new profile?" (new NotFoundError("Could not open the file at /tmp/rust_mozprofilevVs2ye/search.json.mozlz4", (void 0)))
1624175427286	Marionette	INFO	Listening on port 35183
1624175427308	Marionette	WARN	TLS certificate errors will be ignored for this session
1624175428099	Marionette	WARN	Ignoring event 'pageshow' because document has an invalid readyState of 'uninitialized'.
1624175437014	Marionette	INFO	Stopped listening on port 35183

###!!! [Parent][RunMessage] Error: Channel closing: too late to send/recv, messages will be lost

1624175438206	Marionette	INFO	Stopped listening on port 33363

###!!! [Parent][RunMessage] Error: Channel closing: too late to send/recv, messages will be lost

1624175470527	mozrunner::runner	INFO	Running command: "/usr/bin/firefox" "-marionette" "-foreground" "-no-remote" "-profile" "/tmp/rust_mozprofilelX4hdZ"
1624175470868	Marionette	INFO	Marionette enabled

(firefox:122360): GLib-GIO-CRITICAL **: 17:51:10.945: g_dbus_proxy_new: assertion 'G_IS_DBUS_CONNECTION (connection)' failed

(firefox:122360): GLib-GIO-CRITICAL **: 17:51:10.945: g_dbus_proxy_new: assertion 'G_IS_DBUS_CONNECTION (connection)' failed

(firefox:122360): GLib-GIO-CRITICAL **: 17:51:10.945: g_dbus_proxy_new: assertion 'G_IS_DBUS_CONNECTION (connection)' failed
console.warn: SearchSettings: "get: No settings file exists, new profile?" (new NotFoundError("Could not open the file at /tmp/rust_mozprofilelX4hdZ/search.json.mozlz4", (void 0)))
1624175472478	Marionette	INFO	Listening on port 44829
1624175472546	Marionette	WARN	TLS certificate errors will be ignored for this session
1624175473549	Marionette	WARN	Ignoring event 'pageshow' because document has an invalid readyState of 'uninitialized'.
1624175550462	mozrunner::runner	INFO	Running command: "/usr/bin/firefox" "-marionette" "-foreground" "-no-remote" "-profile" "/tmp/rust_mozprofileXv1gl6"
1624175550796	Marionette	INFO	Marionette enabled

(firefox:123488): GLib-GIO-CRITICAL **: 17:52:30.869: g_dbus_proxy_new: assertion 'G_IS_DBUS_CONNECTION (connection)' failed

(firefox:123488): GLib-GIO-CRITICAL **: 17:52:30.869: g_dbus_proxy_new: assertion 'G_IS_DBUS_CONNECTION (connection)' failed

(firefox:123488): GLib-GIO-CRITICAL **: 17:52:30.869: g_dbus_proxy_new: assertion 'G_IS_DBUS_CONNECTION (connection)' failed
console.warn: SearchSettings: "get: No settings file exists, new profile?" (new NotFoundError("Could not open the file at /tmp/rust_mozprofileXv1gl6/search.json.mozlz4", (void 0)))
1624175552499	Marionette	INFO	Listening on port 46065
1624175552583	Marionette	WARN	TLS certificate errors will be ignored for this session
1624175647647	mozrunner::runner	INFO	Running command: "/usr/bin/firefox" "-marionette" "-foreground" "-no-remote" "-profile" "/tmp/rust_mozprofile5uVmOT"
1624175647983	Marionette	INFO	Marionette enabled

(firefox:124572): GLib-GIO-CRITICAL **: 17:54:08.055: g_dbus_proxy_new: assertion 'G_IS_DBUS_CONNECTION (connection)' failed

(firefox:124572): GLib-GIO-CRITICAL **: 17:54:08.055: g_dbus_proxy_new: assertion 'G_IS_DBUS_CONNECTION (connection)' failed

(firefox:124572): GLib-GIO-CRITICAL **: 17:54:08.055: g_dbus_proxy_new: assertion 'G_IS_DBUS_CONNECTION (connection)' failed
console.warn: SearchSettings: "get: No settings file exists, new profile?" (new NotFoundError("Could not open the file at /tmp/rust_mozprofile5uVmOT/search.json.mozlz4", (void 0)))
1624175649573	Marionette	INFO	Listening on port 35661
1624175649660	Marionette	WARN	TLS certificate errors will be ignored for this session
1624175650426	Marionette	WARN	Ignoring event 'pageshow' because document has an invalid readyState of 'uninitialized'.
1624175682890	mozrunner::runner	INFO	Running command: "/usr/bin/firefox" "-marionette" "-foreground" "-no-remote" "-profile" "/tmp/rust_mozprofile564sCM"
1624175683227	Marionette	INFO	Marionette enabled

(firefox:125279): GLib-GIO-CRITICAL **: 17:54:43.299: g_dbus_proxy_new: assertion 'G_IS_DBUS_CONNECTION (connection)' failed

(firefox:125279): GLib-GIO-CRITICAL **: 17:54:43.299: g_dbus_proxy_new: assertion 'G_IS_DBUS_CONNECTION (connection)' failed

(firefox:125279): GLib-GIO-CRITICAL **: 17:54:43.299: g_dbus_proxy_new: assertion 'G_IS_DBUS_CONNECTION (connection)' failed
console.warn: SearchSettings: "get: No settings file exists, new profile?" (new NotFoundError("Could not open the file at /tmp/rust_mozprofile564sCM/search.json.mozlz4", (void 0)))
1624175684780	Marionette	INFO	Listening on port 39771
1624175684804	Marionette	WARN	TLS certificate errors will be ignored for this session
1624175685585	Marionette	WARN	Ignoring event 'pageshow' because document has an invalid readyState of 'uninitialized'.
1624175727988	Marionette	INFO	Stopped listening on port 35661

###!!! [Parent][RunMessage] Error: Channel closing: too late to send/recv, messages will be lost

1624175737507	mozrunner::runner	INFO	Running command: "/usr/bin/firefox" "-marionette" "-foreground" "-no-remote" "-profile" "/tmp/rust_mozprofileFgICE6"
1624175737846	Marionette	INFO	Marionette enabled

(firefox:126140): GLib-GIO-CRITICAL **: 17:55:37.921: g_dbus_proxy_new: assertion 'G_IS_DBUS_CONNECTION (connection)' failed

(firefox:126140): GLib-GIO-CRITICAL **: 17:55:37.921: g_dbus_proxy_new: assertion 'G_IS_DBUS_CONNECTION (connection)' failed

(firefox:126140): GLib-GIO-CRITICAL **: 17:55:37.921: g_dbus_proxy_new: assertion 'G_IS_DBUS_CONNECTION (connection)' failed
console.warn: SearchSettings: "get: No settings file exists, new profile?" (new NotFoundError("Could not open the file at /tmp/rust_mozprofileFgICE6/search.json.mozlz4", (void 0)))
1624175739444	Marionette	INFO	Listening on port 44763
1624175739522	Marionette	WARN	TLS certificate errors will be ignored for this session
1624175739766	Marionette	INFO	Stopped listening on port 44829

###!!! [Parent][RunMessage] Error: Channel closing: too late to send/recv, messages will be lost

1624175740300	Marionette	WARN	Ignoring event 'pageshow' because document has an invalid readyState of 'uninitialized'.
Exiting due to channel error.
Exiting due to channel error.
Exiting due to channel error.
1624175800209	mozrunner::runner	INFO	Running command: "/usr/bin/firefox" "-marionette" "-foreground" "-no-remote" "-profile" "/tmp/rust_mozprofileBny4IJ"
1624175800549	Marionette	INFO	Marionette enabled

(firefox:127092): GLib-GIO-CRITICAL **: 17:56:40.625: g_dbus_proxy_new: assertion 'G_IS_DBUS_CONNECTION (connection)' failed

(firefox:127092): GLib-GIO-CRITICAL **: 17:56:40.625: g_dbus_proxy_new: assertion 'G_IS_DBUS_CONNECTION (connection)' failed

(firefox:127092): GLib-GIO-CRITICAL **: 17:56:40.625: g_dbus_proxy_new: assertion 'G_IS_DBUS_CONNECTION (connection)' failed
console.warn: SearchSettings: "get: No settings file exists, new profile?" (new NotFoundError("Could not open the file at /tmp/rust_mozprofileBny4IJ/search.json.mozlz4", (void 0)))
1624175802110	Marionette	INFO	Listening on port 38135
1624175802126	Marionette	WARN	TLS certificate errors will be ignored for this session
1624175802942	Marionette	WARN	Ignoring event 'pageshow' because document has an invalid readyState of 'uninitialized'.
1624175835580	Marionette	INFO	Stopped listening on port 38135

###!!! [Parent][RunMessage] Error: Channel closing: too late to send/recv, messages will be lost

1624175836985	mozrunner::runner	INFO	Running command: "/usr/bin/firefox" "-marionette" "-foreground" "-no-remote" "-profile" "/tmp/rust_mozprofileKMs71O"
1624175837332	Marionette	INFO	Marionette enabled

(firefox:127711): GLib-GIO-CRITICAL **: 17:57:17.406: g_dbus_proxy_new: assertion 'G_IS_DBUS_CONNECTION (connection)' failed

(firefox:127711): GLib-GIO-CRITICAL **: 17:57:17.406: g_dbus_proxy_new: assertion 'G_IS_DBUS_CONNECTION (connection)' failed

(firefox:127711): GLib-GIO-CRITICAL **: 17:57:17.406: g_dbus_proxy_new: assertion 'G_IS_DBUS_CONNECTION (connection)' failed
console.warn: SearchSettings: "get: No settings file exists, new profile?" (new NotFoundError("Could not open the file at /tmp/rust_mozprofileKMs71O/search.json.mozlz4", (void 0)))
1624175838933	Marionette	INFO	Listening on port 35165
1624175839003	Marionette	WARN	TLS certificate errors will be ignored for this session
1624175839918	Marionette	WARN	Ignoring event 'pageshow' because document has an invalid readyState of 'uninitialized'.
Exiting due to channel error.
Exiting due to channel error.
Exiting due to channel error.
1624175887839	mozrunner::runner	INFO	Running command: "/usr/bin/firefox" "-marionette" "-foreground" "-no-remote" "-profile" "/tmp/rust_mozprofile725tQx"
1624175888183	Marionette	INFO	Marionette enabled

(firefox:128745): GLib-GIO-CRITICAL **: 17:58:08.259: g_dbus_proxy_new: assertion 'G_IS_DBUS_CONNECTION (connection)' failed

(firefox:128745): GLib-GIO-CRITICAL **: 17:58:08.259: g_dbus_proxy_new: assertion 'G_IS_DBUS_CONNECTION (connection)' failed

(firefox:128745): GLib-GIO-CRITICAL **: 17:58:08.259: g_dbus_proxy_new: assertion 'G_IS_DBUS_CONNECTION (connection)' failed
console.warn: SearchSettings: "get: No settings file exists, new profile?" (new NotFoundError("Could not open the file at /tmp/rust_mozprofile725tQx/search.json.mozlz4", (void 0)))
1624175889749	Marionette	INFO	Listening on port 37603
1624175889853	Marionette	WARN	TLS certificate errors will be ignored for this session
1624175890556	Marionette	WARN	Ignoring event 'pageshow' because document has an invalid readyState of 'uninitialized'.
console.error: "Error while calling actor 'pagestyle's method 'getApplied'" "node is null"
console.error: (new TypeError("node is null", "resource://devtools/server/actors/page-style.js", 570))
console.error: (new TypeError("parent is null", "resource://devtools/client/inspector/shared/style-change-tracker.js", 67))
TypeError: parent is null: canMutationImpactCurrentStyles@resource://devtools/client/inspector/shared/style-change-tracker.js:67:24
onMutations@resource://devtools/client/inspector/shared/style-change-tracker.js:84:41
_emit@resource://devtools/shared/event-emitter.js:226:34
emit@resource://devtools/shared/event-emitter.js:172:18
emit@resource://devtools/shared/event-emitter.js:324:18
getMutations@resource://devtools/client/fronts/walker.js:358:10

console.error: (new TypeError("container.node.targetFront is null", "resource://devtools/client/inspector/markup/markup.js", 2310))
console.error: (new TypeError("container.node.targetFront is null", "resource://devtools/client/inspector/markup/markup.js", 2310))
console.error: (new TypeError("container.node.targetFront is null", "resource://devtools/client/inspector/markup/markup.js", 2310))
console.error: (new Error("Protocol error (TypeError): node is null from: server0.conn0.child4/pagestyle25 (resource://devtools/server/actors/page-style.js:570:5)", "resource://devtools/shared/protocol/Front.js", 365))
console.error: "Error while calling actor 'pagestyle's method 'getLayout'" "node is null"
console.error: (new TypeError("node is null", "resource://devtools/server/actors/page-style.js", 1001))
console.error: (new Error("Protocol error (TypeError): node is null from: server0.conn0.child4/pagestyle25 (resource://devtools/server/actors/page-style.js:1001:5)", "resource://devtools/shared/protocol/Front.js", 365))
console.error: "Error while calling actor 'pagestyle's method 'getApplied'" "node is null"
console.error: (new TypeError("node is null", "resource://devtools/server/actors/page-style.js", 570))
console.error: (new TypeError("parent is null", "resource://devtools/client/inspector/shared/style-change-tracker.js", 67))
TypeError: parent is null: canMutationImpactCurrentStyles@resource://devtools/client/inspector/shared/style-change-tracker.js:67:24
onMutations@resource://devtools/client/inspector/shared/style-change-tracker.js:84:41
_emit@resource://devtools/shared/event-emitter.js:226:34
emit@resource://devtools/shared/event-emitter.js:172:18
emit@resource://devtools/shared/event-emitter.js:324:18
getMutations@resource://devtools/client/fronts/walker.js:358:10

console.error: (new TypeError("container.node.targetFront is null", "resource://devtools/client/inspector/markup/markup.js", 2310))
console.error: (new TypeError("container.node.targetFront is null", "resource://devtools/client/inspector/markup/markup.js", 2310))
console.error: (new TypeError("container.node.targetFront is null", "resource://devtools/client/inspector/markup/markup.js", 2310))
console.error: (new Error("Protocol error (TypeError): node is null from: server0.conn0.child4/pagestyle25 (resource://devtools/server/actors/page-style.js:570:5)", "resource://devtools/shared/protocol/Front.js", 365))
console.error: "Error while calling actor 'pagestyle's method 'getLayout'" "node is null"
console.error: (new TypeError("node is null", "resource://devtools/server/actors/page-style.js", 1001))
console.error: (new Error("Protocol error (TypeError): node is null from: server0.conn0.child4/pagestyle25 (resource://devtools/server/actors/page-style.js:1001:5)", "resource://devtools/shared/protocol/Front.js", 365))
console.error: "Error while calling actor 'pagestyle's method 'getApplied'" "node is null"
console.error: (new TypeError("node is null", "resource://devtools/server/actors/page-style.js", 570))
console.error: (new TypeError("container.node.targetFront is null", "resource://devtools/client/inspector/markup/markup.js", 2310))
console.error: (new TypeError("container.node.targetFront is null", "resource://devtools/client/inspector/markup/markup.js", 2310))
console.error: (new TypeError("container.node.targetFront is null", "resource://devtools/client/inspector/markup/markup.js", 2310))
console.error: (new Error("Protocol error (TypeError): node is null from: server0.conn0.child4/pagestyle25 (resource://devtools/server/actors/page-style.js:570:5)", "resource://devtools/shared/protocol/Front.js", 365))
console.error: "Error while calling actor 'pagestyle's method 'getLayout'" "node is null"
console.error: (new TypeError("node is null", "resource://devtools/server/actors/page-style.js", 1001))
console.error: (new Error("Protocol error (TypeError): node is null from: server0.conn0.child4/pagestyle25 (resource://devtools/server/actors/page-style.js:1001:5)", "resource://devtools/shared/protocol/Front.js", 365))
JavaScript error: resource://devtools/client/fronts/node.js, line 412: TypeError: this.parentFront is null
1624176011249	mozrunner::runner	INFO	Running command: "/usr/bin/firefox" "-marionette" "-foreground" "-no-remote" "-profile" "/tmp/rust_mozprofileA7Fw1D"
1624176011590	Marionette	INFO	Marionette enabled

(firefox:129988): GLib-GIO-CRITICAL **: 18:00:11.665: g_dbus_proxy_new: assertion 'G_IS_DBUS_CONNECTION (connection)' failed

(firefox:129988): GLib-GIO-CRITICAL **: 18:00:11.665: g_dbus_proxy_new: assertion 'G_IS_DBUS_CONNECTION (connection)' failed

(firefox:129988): GLib-GIO-CRITICAL **: 18:00:11.665: g_dbus_proxy_new: assertion 'G_IS_DBUS_CONNECTION (connection)' failed
1624176012195	Marionette	INFO	Stopped listening on port 37603

###!!! [Parent][RunMessage] Error: Channel closing: too late to send/recv, messages will be lost

console.warn: SearchSettings: "get: No settings file exists, new profile?" (new NotFoundError("Could not open the file at /tmp/rust_mozprofileA7Fw1D/search.json.mozlz4", (void 0)))
1624176013171	Marionette	INFO	Listening on port 33129
1624176013264	Marionette	WARN	TLS certificate errors will be ignored for this session
1624176014058	Marionette	WARN	Ignoring event 'pageshow' because document has an invalid readyState of 'uninitialized'.
1624176122566	mozrunner::runner	INFO	Running command: "/usr/bin/firefox" "-marionette" "-foreground" "-no-remote" "-profile" "/tmp/rust_mozprofileDMBZPX"
1624176122928	Marionette	INFO	Marionette enabled

(firefox:131220): GLib-GIO-CRITICAL **: 18:02:02.998: g_dbus_proxy_new: assertion 'G_IS_DBUS_CONNECTION (connection)' failed

(firefox:131220): GLib-GIO-CRITICAL **: 18:02:02.998: g_dbus_proxy_new: assertion 'G_IS_DBUS_CONNECTION (connection)' failed

(firefox:131220): GLib-GIO-CRITICAL **: 18:02:02.998: g_dbus_proxy_new: assertion 'G_IS_DBUS_CONNECTION (connection)' failed
console.warn: SearchSettings: "get: No settings file exists, new profile?" (new NotFoundError("Could not open the file at /tmp/rust_mozprofileDMBZPX/search.json.mozlz4", (void 0)))
1624176124461	Marionette	INFO	Listening on port 45935
1624176124481	Marionette	WARN	TLS certificate errors will be ignored for this session
1624176125325	Marionette	WARN	Ignoring event 'pageshow' because document has an invalid readyState of 'uninitialized'.
1624176127020	Marionette	INFO	Stopped listening on port 45935

###!!! [Parent][RunMessage] Error: Channel closing: too late to send/recv, messages will be lost

1624176128733	Marionette	INFO	Stopped listening on port 33129

###!!! [Parent][RunMessage] Error: Channel closing: too late to send/recv, messages will be lost

1624176132350	mozrunner::runner	INFO	Running command: "/usr/bin/firefox" "-marionette" "-foreground" "-no-remote" "-profile" "/tmp/rust_mozprofileBHo2my"
1624176132685	Marionette	INFO	Marionette enabled

(firefox:131752): GLib-GIO-CRITICAL **: 18:02:12.761: g_dbus_proxy_new: assertion 'G_IS_DBUS_CONNECTION (connection)' failed

(firefox:131752): GLib-GIO-CRITICAL **: 18:02:12.761: g_dbus_proxy_new: assertion 'G_IS_DBUS_CONNECTION (connection)' failed

(firefox:131752): GLib-GIO-CRITICAL **: 18:02:12.761: g_dbus_proxy_new: assertion 'G_IS_DBUS_CONNECTION (connection)' failed
console.warn: SearchSettings: "get: No settings file exists, new profile?" (new NotFoundError("Could not open the file at /tmp/rust_mozprofileBHo2my/search.json.mozlz4", (void 0)))
1624176134454	Marionette	INFO	Listening on port 38345
1624176134565	Marionette	WARN	TLS certificate errors will be ignored for this session
1624176135908	Marionette	WARN	Ignoring event 'pageshow' because document has an invalid readyState of 'uninitialized'.
1624176151535	Marionette	INFO	Stopped listening on port 38345

###!!! [Parent][RunMessage] Error: Channel closing: too late to send/recv, messages will be lost

1624176152940	mozrunner::runner	INFO	Running command: "/usr/bin/firefox" "-marionette" "-foreground" "-no-remote" "-profile" "/tmp/rust_mozprofile52qbMI"
1624176153278	Marionette	INFO	Marionette enabled

(firefox:132299): GLib-GIO-CRITICAL **: 18:02:33.353: g_dbus_proxy_new: assertion 'G_IS_DBUS_CONNECTION (connection)' failed

(firefox:132299): GLib-GIO-CRITICAL **: 18:02:33.353: g_dbus_proxy_new: assertion 'G_IS_DBUS_CONNECTION (connection)' failed

(firefox:132299): GLib-GIO-CRITICAL **: 18:02:33.353: g_dbus_proxy_new: assertion 'G_IS_DBUS_CONNECTION (connection)' failed
console.warn: SearchSettings: "get: No settings file exists, new profile?" (new NotFoundError("Could not open the file at /tmp/rust_mozprofile52qbMI/search.json.mozlz4", (void 0)))
1624176155051	Marionette	INFO	Listening on port 45551
1624176155163	Marionette	WARN	TLS certificate errors will be ignored for this session
1624176156058	Marionette	WARN	Ignoring event 'pageshow' because document has an invalid readyState of 'uninitialized'.
1624176171640	Marionette	INFO	Stopped listening on port 45551

###!!! [Parent][RunMessage] Error: Channel closing: too late to send/recv, messages will be lost

1624176173043	mozrunner::runner	INFO	Running command: "/usr/bin/firefox" "-marionette" "-foreground" "-no-remote" "-profile" "/tmp/rust_mozprofileIO3Pfl"
1624176173379	Marionette	INFO	Marionette enabled

(firefox:132845): GLib-GIO-CRITICAL **: 18:02:53.454: g_dbus_proxy_new: assertion 'G_IS_DBUS_CONNECTION (connection)' failed

(firefox:132845): GLib-GIO-CRITICAL **: 18:02:53.454: g_dbus_proxy_new: assertion 'G_IS_DBUS_CONNECTION (connection)' failed

(firefox:132845): GLib-GIO-CRITICAL **: 18:02:53.454: g_dbus_proxy_new: assertion 'G_IS_DBUS_CONNECTION (connection)' failed
console.warn: SearchSettings: "get: No settings file exists, new profile?" (new NotFoundError("Could not open the file at /tmp/rust_mozprofileIO3Pfl/search.json.mozlz4", (void 0)))
1624176174944	Marionette	INFO	Listening on port 36093
1624176174956	Marionette	WARN	TLS certificate errors will be ignored for this session
1624176175841	Marionette	WARN	Ignoring event 'pageshow' because document has an invalid readyState of 'uninitialized'.
1624176192180	Marionette	INFO	Stopped listening on port 36093

###!!! [Parent][RunMessage] Error: Channel closing: too late to send/recv, messages will be lost

1624176193584	mozrunner::runner	INFO	Running command: "/usr/bin/firefox" "-marionette" "-foreground" "-no-remote" "-profile" "/tmp/rust_mozprofileSAg1JL"
1624176193916	Marionette	INFO	Marionette enabled

(firefox:133502): GLib-GIO-CRITICAL **: 18:03:13.990: g_dbus_proxy_new: assertion 'G_IS_DBUS_CONNECTION (connection)' failed

(firefox:133502): GLib-GIO-CRITICAL **: 18:03:13.990: g_dbus_proxy_new: assertion 'G_IS_DBUS_CONNECTION (connection)' failed

(firefox:133502): GLib-GIO-CRITICAL **: 18:03:13.990: g_dbus_proxy_new: assertion 'G_IS_DBUS_CONNECTION (connection)' failed
console.warn: SearchSettings: "get: No settings file exists, new profile?" (new NotFoundError("Could not open the file at /tmp/rust_mozprofileSAg1JL/search.json.mozlz4", (void 0)))
1624176195501	Marionette	INFO	Listening on port 39335
1624176195597	Marionette	WARN	TLS certificate errors will be ignored for this session
1624176196620	Marionette	WARN	Ignoring event 'pageshow' because document has an invalid readyState of 'uninitialized'.
1624176212904	Marionette	INFO	Stopped listening on port 39335

###!!! [Parent][RunMessage] Error: Channel closing: too late to send/recv, messages will be lost

1624176214310	mozrunner::runner	INFO	Running command: "/usr/bin/firefox" "-marionette" "-foreground" "-no-remote" "-profile" "/tmp/rust_mozprofileb8WfJc"
1624176214646	Marionette	INFO	Marionette enabled

(firefox:134126): GLib-GIO-CRITICAL **: 18:03:34.720: g_dbus_proxy_new: assertion 'G_IS_DBUS_CONNECTION (connection)' failed

(firefox:134126): GLib-GIO-CRITICAL **: 18:03:34.721: g_dbus_proxy_new: assertion 'G_IS_DBUS_CONNECTION (connection)' failed

(firefox:134126): GLib-GIO-CRITICAL **: 18:03:34.721: g_dbus_proxy_new: assertion 'G_IS_DBUS_CONNECTION (connection)' failed
console.warn: SearchSettings: "get: No settings file exists, new profile?" (new NotFoundError("Could not open the file at /tmp/rust_mozprofileb8WfJc/search.json.mozlz4", (void 0)))
1624176216334	Marionette	INFO	Listening on port 43259
1624176216424	Marionette	WARN	TLS certificate errors will be ignored for this session
1624176217245	Marionette	WARN	Ignoring event 'pageshow' because document has an invalid readyState of 'uninitialized'.
1624176233516	Marionette	INFO	Stopped listening on port 43259

###!!! [Parent][RunMessage] Error: Channel closing: too late to send/recv, messages will be lost

1624176234923	mozrunner::runner	INFO	Running command: "/usr/bin/firefox" "-marionette" "-foreground" "-no-remote" "-profile" "/tmp/rust_mozprofileiHRiXW"
1624176235258	Marionette	INFO	Marionette enabled

(firefox:134662): GLib-GIO-CRITICAL **: 18:03:55.334: g_dbus_proxy_new: assertion 'G_IS_DBUS_CONNECTION (connection)' failed

(firefox:134662): GLib-GIO-CRITICAL **: 18:03:55.334: g_dbus_proxy_new: assertion 'G_IS_DBUS_CONNECTION (connection)' failed

(firefox:134662): GLib-GIO-CRITICAL **: 18:03:55.334: g_dbus_proxy_new: assertion 'G_IS_DBUS_CONNECTION (connection)' failed
console.warn: SearchSettings: "get: No settings file exists, new profile?" (new NotFoundError("Could not open the file at /tmp/rust_mozprofileiHRiXW/search.json.mozlz4", (void 0)))
1624176236844	Marionette	INFO	Listening on port 37943
1624176236938	Marionette	WARN	TLS certificate errors will be ignored for this session
1624176237728	Marionette	WARN	Ignoring event 'pageshow' because document has an invalid readyState of 'uninitialized'.
1624176253990	Marionette	INFO	Stopped listening on port 37943

###!!! [Parent][RunMessage] Error: Channel closing: too late to send/recv, messages will be lost

1624176255396	mozrunner::runner	INFO	Running command: "/usr/bin/firefox" "-marionette" "-foreground" "-no-remote" "-profile" "/tmp/rust_mozprofileMnTNiO"
1624176255733	Marionette	INFO	Marionette enabled

(firefox:135246): GLib-GIO-CRITICAL **: 18:04:15.807: g_dbus_proxy_new: assertion 'G_IS_DBUS_CONNECTION (connection)' failed

(firefox:135246): GLib-GIO-CRITICAL **: 18:04:15.807: g_dbus_proxy_new: assertion 'G_IS_DBUS_CONNECTION (connection)' failed

(firefox:135246): GLib-GIO-CRITICAL **: 18:04:15.807: g_dbus_proxy_new: assertion 'G_IS_DBUS_CONNECTION (connection)' failed
console.warn: SearchSettings: "get: No settings file exists, new profile?" (new NotFoundError("Could not open the file at /tmp/rust_mozprofileMnTNiO/search.json.mozlz4", (void 0)))
1624176257285	Marionette	INFO	Listening on port 43107
1624176257312	Marionette	WARN	TLS certificate errors will be ignored for this session
1624176258055	Marionette	WARN	Ignoring event 'pageshow' because document has an invalid readyState of 'uninitialized'.
1624176273677	Marionette	INFO	Stopped listening on port 43107

###!!! [Parent][RunMessage] Error: Channel closing: too late to send/recv, messages will be lost

1624176275083	mozrunner::runner	INFO	Running command: "/usr/bin/firefox" "-marionette" "-foreground" "-no-remote" "-profile" "/tmp/rust_mozprofileaOHrX3"
1624176275420	Marionette	INFO	Marionette enabled

(firefox:135830): GLib-GIO-CRITICAL **: 18:04:35.492: g_dbus_proxy_new: assertion 'G_IS_DBUS_CONNECTION (connection)' failed

(firefox:135830): GLib-GIO-CRITICAL **: 18:04:35.493: g_dbus_proxy_new: assertion 'G_IS_DBUS_CONNECTION (connection)' failed

(firefox:135830): GLib-GIO-CRITICAL **: 18:04:35.493: g_dbus_proxy_new: assertion 'G_IS_DBUS_CONNECTION (connection)' failed
console.warn: SearchSettings: "get: No settings file exists, new profile?" (new NotFoundError("Could not open the file at /tmp/rust_mozprofileaOHrX3/search.json.mozlz4", (void 0)))
1624176277000	Marionette	INFO	Listening on port 43535
1624176277094	Marionette	WARN	TLS certificate errors will be ignored for this session
1624176277895	Marionette	WARN	Ignoring event 'pageshow' because document has an invalid readyState of 'uninitialized'.
1624176294188	Marionette	INFO	Stopped listening on port 43535

###!!! [Parent][RunMessage] Error: Channel closing: too late to send/recv, messages will be lost

1624176295593	mozrunner::runner	INFO	Running command: "/usr/bin/firefox" "-marionette" "-foreground" "-no-remote" "-profile" "/tmp/rust_mozprofilefR9Q3J"
1624176295929	Marionette	INFO	Marionette enabled

(firefox:136367): GLib-GIO-CRITICAL **: 18:04:56.002: g_dbus_proxy_new: assertion 'G_IS_DBUS_CONNECTION (connection)' failed

(firefox:136367): GLib-GIO-CRITICAL **: 18:04:56.002: g_dbus_proxy_new: assertion 'G_IS_DBUS_CONNECTION (connection)' failed

(firefox:136367): GLib-GIO-CRITICAL **: 18:04:56.002: g_dbus_proxy_new: assertion 'G_IS_DBUS_CONNECTION (connection)' failed
console.warn: SearchSettings: "get: No settings file exists, new profile?" (new NotFoundError("Could not open the file at /tmp/rust_mozprofilefR9Q3J/search.json.mozlz4", (void 0)))
1624176297561	Marionette	INFO	Listening on port 38301
1624176297605	Marionette	WARN	TLS certificate errors will be ignored for this session
1624176298448	Marionette	WARN	Ignoring event 'pageshow' because document has an invalid readyState of 'uninitialized'.
1624176314063	Marionette	INFO	Stopped listening on port 38301

###!!! [Parent][RunMessage] Error: Channel closing: too late to send/recv, messages will be lost

1624176315470	mozrunner::runner	INFO	Running command: "/usr/bin/firefox" "-marionette" "-foreground" "-no-remote" "-profile" "/tmp/rust_mozprofile5X0KZa"
1624176315809	Marionette	INFO	Marionette enabled

(firefox:136944): GLib-GIO-CRITICAL **: 18:05:15.884: g_dbus_proxy_new: assertion 'G_IS_DBUS_CONNECTION (connection)' failed

(firefox:136944): GLib-GIO-CRITICAL **: 18:05:15.884: g_dbus_proxy_new: assertion 'G_IS_DBUS_CONNECTION (connection)' failed

(firefox:136944): GLib-GIO-CRITICAL **: 18:05:15.884: g_dbus_proxy_new: assertion 'G_IS_DBUS_CONNECTION (connection)' failed
console.warn: SearchSettings: "get: No settings file exists, new profile?" (new NotFoundError("Could not open the file at /tmp/rust_mozprofile5X0KZa/search.json.mozlz4", (void 0)))
1624176317552	Marionette	INFO	Listening on port 42921
1624176317583	Marionette	WARN	TLS certificate errors will be ignored for this session
1624176318426	Marionette	WARN	Ignoring event 'pageshow' because document has an invalid readyState of 'uninitialized'.
1624176334630	Marionette	INFO	Stopped listening on port 42921

###!!! [Parent][RunMessage] Error: Channel closing: too late to send/recv, messages will be lost

1624176336036	mozrunner::runner	INFO	Running command: "/usr/bin/firefox" "-marionette" "-foreground" "-no-remote" "-profile" "/tmp/rust_mozprofileYFYxml"
1624176336377	Marionette	INFO	Marionette enabled

(firefox:137496): GLib-GIO-CRITICAL **: 18:05:36.451: g_dbus_proxy_new: assertion 'G_IS_DBUS_CONNECTION (connection)' failed

(firefox:137496): GLib-GIO-CRITICAL **: 18:05:36.451: g_dbus_proxy_new: assertion 'G_IS_DBUS_CONNECTION (connection)' failed

(firefox:137496): GLib-GIO-CRITICAL **: 18:05:36.451: g_dbus_proxy_new: assertion 'G_IS_DBUS_CONNECTION (connection)' failed
console.warn: SearchSettings: "get: No settings file exists, new profile?" (new NotFoundError("Could not open the file at /tmp/rust_mozprofileYFYxml/search.json.mozlz4", (void 0)))
1624176337983	Marionette	INFO	Listening on port 40673
1624176338053	Marionette	WARN	TLS certificate errors will be ignored for this session
1624176338919	Marionette	WARN	Ignoring event 'pageshow' because document has an invalid readyState of 'uninitialized'.
1624176371169	Marionette	INFO	Stopped listening on port 40673

###!!! [Parent][RunMessage] Error: Channel closing: too late to send/recv, messages will be lost

1624176372583	mozrunner::runner	INFO	Running command: "/usr/bin/firefox" "-marionette" "-foreground" "-no-remote" "-profile" "/tmp/rust_mozprofileNwopRK"
1624176372919	Marionette	INFO	Marionette enabled

(firefox:138121): GLib-GIO-CRITICAL **: 18:06:12.996: g_dbus_proxy_new: assertion 'G_IS_DBUS_CONNECTION (connection)' failed

(firefox:138121): GLib-GIO-CRITICAL **: 18:06:12.996: g_dbus_proxy_new: assertion 'G_IS_DBUS_CONNECTION (connection)' failed

(firefox:138121): GLib-GIO-CRITICAL **: 18:06:12.996: g_dbus_proxy_new: assertion 'G_IS_DBUS_CONNECTION (connection)' failed
console.warn: SearchSettings: "get: No settings file exists, new profile?" (new NotFoundError("Could not open the file at /tmp/rust_mozprofileNwopRK/search.json.mozlz4", (void 0)))
1624176374509	Marionette	INFO	Listening on port 44333
1624176374594	Marionette	WARN	TLS certificate errors will be ignored for this session
1624176375382	Marionette	WARN	Ignoring event 'pageshow' because document has an invalid readyState of 'uninitialized'.
1624176391603	Marionette	INFO	Stopped listening on port 44333

###!!! [Parent][RunMessage] Error: Channel closing: too late to send/recv, messages will be lost

